Namespace(batchSize=64, beta1=0.5, cuda=True, dataroot='/disk/scratch/s1832582/datasets/paintings', dataset='folder', imageSize=64, lr=0.0002, manualSeed=None, ndf=64, netD='', netG='', ngf=64, ngpu=4, niter=25, nz=100, outf='/home/s1832582/paintings_dcgan', workers=12)
Random Seed:  5588
Generator(
  (main): Sequential(
    (0): ConvTranspose2d(100, 512, kernel_size=(4, 4), stride=(1, 1), bias=False)
    (1): BatchNorm2d(512, eps=1e-05, momentum=0.1, affine=True, track_running_stats=True)
    (2): ReLU(inplace)
    (3): ConvTranspose2d(512, 256, kernel_size=(4, 4), stride=(2, 2), padding=(1, 1), bias=False)
    (4): BatchNorm2d(256, eps=1e-05, momentum=0.1, affine=True, track_running_stats=True)
    (5): ReLU(inplace)
    (6): ConvTranspose2d(256, 128, kernel_size=(4, 4), stride=(2, 2), padding=(1, 1), bias=False)
    (7): BatchNorm2d(128, eps=1e-05, momentum=0.1, affine=True, track_running_stats=True)
    (8): ReLU(inplace)
    (9): ConvTranspose2d(128, 64, kernel_size=(4, 4), stride=(2, 2), padding=(1, 1), bias=False)
    (10): BatchNorm2d(64, eps=1e-05, momentum=0.1, affine=True, track_running_stats=True)
    (11): ReLU(inplace)
    (12): ConvTranspose2d(64, 3, kernel_size=(4, 4), stride=(2, 2), padding=(1, 1), bias=False)
    (13): Tanh()
  )
)
Discriminator(
  (main): Sequential(
    (0): Conv2d(3, 64, kernel_size=(4, 4), stride=(2, 2), padding=(1, 1), bias=False)
    (1): LeakyReLU(negative_slope=0.2, inplace)
    (2): Conv2d(64, 128, kernel_size=(4, 4), stride=(2, 2), padding=(1, 1), bias=False)
    (3): BatchNorm2d(128, eps=1e-05, momentum=0.1, affine=True, track_running_stats=True)
    (4): LeakyReLU(negative_slope=0.2, inplace)
    (5): Conv2d(128, 256, kernel_size=(4, 4), stride=(2, 2), padding=(1, 1), bias=False)
    (6): BatchNorm2d(256, eps=1e-05, momentum=0.1, affine=True, track_running_stats=True)
    (7): LeakyReLU(negative_slope=0.2, inplace)
    (8): Conv2d(256, 512, kernel_size=(4, 4), stride=(2, 2), padding=(1, 1), bias=False)
    (9): BatchNorm2d(512, eps=1e-05, momentum=0.1, affine=True, track_running_stats=True)
    (10): LeakyReLU(negative_slope=0.2, inplace)
    (11): Conv2d(512, 1, kernel_size=(4, 4), stride=(1, 1), bias=False)
    (12): Sigmoid()
  )
)
THCudaCheck FAIL file=/opt/conda/conda-bld/pytorch_1544176307774/work/aten/src/THC/THCGeneral.cpp line=172 error=2 : out of memory
Traceback (most recent call last):
  File "dcgan.py", line 227, in <module>
    output = netD(real_cpu)
  File "/home/s1832582/miniconda3/envs/mlp/lib/python3.7/site-packages/torch/nn/modules/module.py", line 489, in __call__
    result = self.forward(*input, **kwargs)
  File "dcgan.py", line 193, in forward
    output = nn.parallel.data_parallel(self.main, input, range(self.ngpu))
  File "/home/s1832582/miniconda3/envs/mlp/lib/python3.7/site-packages/torch/nn/parallel/data_parallel.py", line 183, in data_parallel
    inputs, module_kwargs = scatter_kwargs(inputs, module_kwargs, device_ids, dim)
  File "/home/s1832582/miniconda3/envs/mlp/lib/python3.7/site-packages/torch/nn/parallel/scatter_gather.py", line 35, in scatter_kwargs
    inputs = scatter(inputs, target_gpus, dim) if inputs else []
  File "/home/s1832582/miniconda3/envs/mlp/lib/python3.7/site-packages/torch/nn/parallel/scatter_gather.py", line 28, in scatter
    return scatter_map(inputs)
  File "/home/s1832582/miniconda3/envs/mlp/lib/python3.7/site-packages/torch/nn/parallel/scatter_gather.py", line 15, in scatter_map
    return list(zip(*map(scatter_map, obj)))
  File "/home/s1832582/miniconda3/envs/mlp/lib/python3.7/site-packages/torch/nn/parallel/scatter_gather.py", line 13, in scatter_map
    return Scatter.apply(target_gpus, None, dim, obj)
  File "/home/s1832582/miniconda3/envs/mlp/lib/python3.7/site-packages/torch/nn/parallel/_functions.py", line 89, in forward
    outputs = comm.scatter(input, target_gpus, chunk_sizes, ctx.dim, streams)
  File "/home/s1832582/miniconda3/envs/mlp/lib/python3.7/site-packages/torch/cuda/comm.py", line 148, in scatter
    return tuple(torch._C._scatter(tensor, devices, chunk_sizes, dim, streams))
RuntimeError: cuda runtime error (2) : out of memory at /opt/conda/conda-bld/pytorch_1544176307774/work/aten/src/THC/THCGeneral.cpp:172
