bash: SBATCH: command not found
Namespace(batchSize=64, beta1=0.5, cuda=True, dataroot='/home/s1832582/paintings', dataset='folder', imageSize=64, lr=0.0002, manualSeed=None, ndf=64, netD='', netG='', ngf=64, ngpu=1, niter=25, nz=100, outf='/home/s1832582/paintings_dcgan', workers=2)
Random Seed:  1065
Generator(
  (main): Sequential(
    (0): ConvTranspose2d(100, 512, kernel_size=(4, 4), stride=(1, 1), bias=False)
    (1): BatchNorm2d(512, eps=1e-05, momentum=0.1, affine=True, track_running_stats=True)
    (2): ReLU(inplace)
    (3): ConvTranspose2d(512, 256, kernel_size=(4, 4), stride=(2, 2), padding=(1, 1), bias=False)
    (4): BatchNorm2d(256, eps=1e-05, momentum=0.1, affine=True, track_running_stats=True)
    (5): ReLU(inplace)
    (6): ConvTranspose2d(256, 128, kernel_size=(4, 4), stride=(2, 2), padding=(1, 1), bias=False)
    (7): BatchNorm2d(128, eps=1e-05, momentum=0.1, affine=True, track_running_stats=True)
    (8): ReLU(inplace)
    (9): ConvTranspose2d(128, 64, kernel_size=(4, 4), stride=(2, 2), padding=(1, 1), bias=False)
    (10): BatchNorm2d(64, eps=1e-05, momentum=0.1, affine=True, track_running_stats=True)
    (11): ReLU(inplace)
    (12): ConvTranspose2d(64, 3, kernel_size=(4, 4), stride=(2, 2), padding=(1, 1), bias=False)
    (13): Tanh()
  )
)
Discriminator(
  (main): Sequential(
    (0): Conv2d(3, 64, kernel_size=(4, 4), stride=(2, 2), padding=(1, 1), bias=False)
    (1): LeakyReLU(negative_slope=0.2, inplace)
    (2): Conv2d(64, 128, kernel_size=(4, 4), stride=(2, 2), padding=(1, 1), bias=False)
    (3): BatchNorm2d(128, eps=1e-05, momentum=0.1, affine=True, track_running_stats=True)
    (4): LeakyReLU(negative_slope=0.2, inplace)
    (5): Conv2d(128, 256, kernel_size=(4, 4), stride=(2, 2), padding=(1, 1), bias=False)
    (6): BatchNorm2d(256, eps=1e-05, momentum=0.1, affine=True, track_running_stats=True)
    (7): LeakyReLU(negative_slope=0.2, inplace)
    (8): Conv2d(256, 512, kernel_size=(4, 4), stride=(2, 2), padding=(1, 1), bias=False)
    (9): BatchNorm2d(512, eps=1e-05, momentum=0.1, affine=True, track_running_stats=True)
    (10): LeakyReLU(negative_slope=0.2, inplace)
    (11): Conv2d(512, 1, kernel_size=(4, 4), stride=(1, 1), bias=False)
    (12): Sigmoid()
  )
)
[0/25][0/1242] Loss_D: 1.6475 Loss_G: 7.0277 D(x): 0.6156 D(G(z)): 0.5889 / 0.0014
[0/25][1/1242] Loss_D: 0.9440 Loss_G: 5.0571 D(x): 0.5999 D(G(z)): 0.2666 / 0.0077
[0/25][2/1242] Loss_D: 1.4615 Loss_G: 6.2778 D(x): 0.7633 D(G(z)): 0.6121 / 0.0025
[0/25][3/1242] Loss_D: 1.0729 Loss_G: 6.2096 D(x): 0.6403 D(G(z)): 0.2849 / 0.0026
[0/25][4/1242] Loss_D: 0.7052 Loss_G: 6.6915 D(x): 0.8219 D(G(z)): 0.3145 / 0.0017
[0/25][5/1242] Loss_D: 0.9914 Loss_G: 7.3759 D(x): 0.7604 D(G(z)): 0.3883 / 0.0008
[0/25][6/1242] Loss_D: 0.9991 Loss_G: 7.9483 D(x): 0.6959 D(G(z)): 0.3635 / 0.0006
[0/25][7/1242] Loss_D: 0.8103 Loss_G: 7.3962 D(x): 0.6697 D(G(z)): 0.2318 / 0.0009
[0/25][8/1242] Loss_D: 0.7452 Loss_G: 9.0832 D(x): 0.8026 D(G(z)): 0.3249 / 0.0002
[0/25][9/1242] Loss_D: 0.2938 Loss_G: 7.9776 D(x): 0.8613 D(G(z)): 0.1079 / 0.0005
[0/25][10/1242] Loss_D: 0.6087 Loss_G: 9.7015 D(x): 0.8588 D(G(z)): 0.3060 / 0.0001
[0/25][11/1242] Loss_D: 0.6143 Loss_G: 7.8698 D(x): 0.7256 D(G(z)): 0.1220 / 0.0006
[0/25][12/1242] Loss_D: 1.2291 Loss_G: 12.5313 D(x): 0.8754 D(G(z)): 0.5440 / 0.0000
[0/25][13/1242] Loss_D: 0.4538 Loss_G: 9.2591 D(x): 0.7347 D(G(z)): 0.0185 / 0.0002
[0/25][14/1242] Loss_D: 1.0511 Loss_G: 10.8982 D(x): 0.7338 D(G(z)): 0.4067 / 0.0000
[0/25][15/1242] Loss_D: 0.2537 Loss_G: 10.4889 D(x): 0.9261 D(G(z)): 0.1374 / 0.0000
[0/25][16/1242] Loss_D: 0.3731 Loss_G: 9.3075 D(x): 0.8661 D(G(z)): 0.1359 / 0.0001
[0/25][17/1242] Loss_D: 0.5230 Loss_G: 11.9285 D(x): 0.8702 D(G(z)): 0.2498 / 0.0000
[0/25][18/1242] Loss_D: 0.2519 Loss_G: 9.0688 D(x): 0.8402 D(G(z)): 0.0195 / 0.0002
[0/25][19/1242] Loss_D: 0.4476 Loss_G: 11.8498 D(x): 0.9147 D(G(z)): 0.2615 / 0.0000
[0/25][20/1242] Loss_D: 0.2698 Loss_G: 9.1658 D(x): 0.8416 D(G(z)): 0.0521 / 0.0002
[0/25][21/1242] Loss_D: 0.9546 Loss_G: 16.6048 D(x): 0.8493 D(G(z)): 0.4844 / 0.0000
[0/25][22/1242] Loss_D: 0.1677 Loss_G: 15.0176 D(x): 0.8675 D(G(z)): 0.0004 / 0.0000
[0/25][23/1242] Loss_D: 0.2207 Loss_G: 8.3954 D(x): 0.8370 D(G(z)): 0.0048 / 0.0006
[0/25][24/1242] Loss_D: 1.5066 Loss_G: 18.7380 D(x): 0.9133 D(G(z)): 0.7038 / 0.0000
[0/25][25/1242] Loss_D: 0.3892 Loss_G: 18.8771 D(x): 0.7590 D(G(z)): 0.0000 / 0.0000
[0/25][26/1242] Loss_D: 0.4212 Loss_G: 13.3909 D(x): 0.7477 D(G(z)): 0.0000 / 0.0000
[0/25][27/1242] Loss_D: 0.1682 Loss_G: 5.4158 D(x): 0.8813 D(G(z)): 0.0160 / 0.0078
[0/25][28/1242] Loss_D: 3.9276 Loss_G: 18.3853 D(x): 0.9761 D(G(z)): 0.9705 / 0.0000
[0/25][29/1242] Loss_D: 0.2186 Loss_G: 20.5802 D(x): 0.8515 D(G(z)): 0.0000 / 0.0000
[0/25][30/1242] Loss_D: 0.1789 Loss_G: 16.9189 D(x): 0.8598 D(G(z)): 0.0000 / 0.0000
[0/25][31/1242] Loss_D: 0.2156 Loss_G: 8.8268 D(x): 0.8334 D(G(z)): 0.0008 / 0.0004
[0/25][32/1242] Loss_D: 1.8497 Loss_G: 19.3258 D(x): 0.9361 D(G(z)): 0.7645 / 0.0000
[0/25][33/1242] Loss_D: 0.3893 Loss_G: 20.9322 D(x): 0.7601 D(G(z)): 0.0000 / 0.0000
[0/25][34/1242] Loss_D: 0.2212 Loss_G: 17.8925 D(x): 0.8329 D(G(z)): 0.0000 / 0.0000
[0/25][35/1242] Loss_D: 0.1574 Loss_G: 10.3655 D(x): 0.8958 D(G(z)): 0.0001 / 0.0001
[0/25][36/1242] Loss_D: 0.3782 Loss_G: 9.9189 D(x): 0.9413 D(G(z)): 0.2320 / 0.0001
[0/25][37/1242] Loss_D: 0.3475 Loss_G: 13.2381 D(x): 0.9229 D(G(z)): 0.2126 / 0.0000
[0/25][38/1242] Loss_D: 0.1001 Loss_G: 10.6463 D(x): 0.9301 D(G(z)): 0.0072 / 0.0000
[0/25][39/1242] Loss_D: 0.3774 Loss_G: 13.3275 D(x): 0.9352 D(G(z)): 0.2482 / 0.0000
[0/25][40/1242] Loss_D: 0.3190 Loss_G: 9.9649 D(x): 0.8402 D(G(z)): 0.0300 / 0.0001
[0/25][41/1242] Loss_D: 0.7060 Loss_G: 18.0755 D(x): 0.9116 D(G(z)): 0.4209 / 0.0000
[0/25][42/1242] Loss_D: 0.4314 Loss_G: 16.5139 D(x): 0.7197 D(G(z)): 0.0001 / 0.0000
[0/25][43/1242] Loss_D: 0.0841 Loss_G: 10.3185 D(x): 0.9241 D(G(z)): 0.0004 / 0.0001
[0/25][44/1242] Loss_D: 0.1441 Loss_G: 6.2932 D(x): 0.9360 D(G(z)): 0.0682 / 0.0026
[0/25][45/1242] Loss_D: 0.6557 Loss_G: 17.5073 D(x): 0.9618 D(G(z)): 0.4319 / 0.0000
[0/25][46/1242] Loss_D: 0.2578 Loss_G: 18.8136 D(x): 0.7948 D(G(z)): 0.0000 / 0.0000
[0/25][47/1242] Loss_D: 0.2047 Loss_G: 16.1567 D(x): 0.8506 D(G(z)): 0.0000 / 0.0000
[0/25][48/1242] Loss_D: 0.2370 Loss_G: 9.9282 D(x): 0.8414 D(G(z)): 0.0001 / 0.0001
[0/25][49/1242] Loss_D: 0.0770 Loss_G: 4.7453 D(x): 0.9609 D(G(z)): 0.0325 / 0.0139
[0/25][50/1242] Loss_D: 1.9826 Loss_G: 21.8085 D(x): 0.9749 D(G(z)): 0.8078 / 0.0000
[0/25][51/1242] Loss_D: 0.9160 Loss_G: 22.5926 D(x): 0.6289 D(G(z)): 0.0000 / 0.0000
[0/25][52/1242] Loss_D: 0.4394 Loss_G: 19.2520 D(x): 0.7918 D(G(z)): 0.0000 / 0.0000
[0/25][53/1242] Loss_D: 0.2049 Loss_G: 11.2966 D(x): 0.8930 D(G(z)): 0.0001 / 0.0001
[0/25][54/1242] Loss_D: 0.2251 Loss_G: 4.1821 D(x): 0.8917 D(G(z)): 0.0603 / 0.0220
[0/25][55/1242] Loss_D: 2.2449 Loss_G: 18.0972 D(x): 0.9647 D(G(z)): 0.8474 / 0.0000
[0/25][56/1242] Loss_D: 0.5595 Loss_G: 19.9599 D(x): 0.7363 D(G(z)): 0.0000 / 0.0000
[0/25][57/1242] Loss_D: 0.7539 Loss_G: 17.6366 D(x): 0.7469 D(G(z)): 0.0000 / 0.0000
[0/25][58/1242] Loss_D: 0.5774 Loss_G: 12.6365 D(x): 0.7812 D(G(z)): 0.0001 / 0.0001
[0/25][59/1242] Loss_D: 0.0881 Loss_G: 5.5222 D(x): 0.9574 D(G(z)): 0.0290 / 0.0197
[0/25][60/1242] Loss_D: 1.6299 Loss_G: 13.6396 D(x): 0.9542 D(G(z)): 0.6972 / 0.0000
[0/25][61/1242] Loss_D: 0.2293 Loss_G: 13.9980 D(x): 0.8667 D(G(z)): 0.0012 / 0.0000
[0/25][62/1242] Loss_D: 0.3025 Loss_G: 8.1088 D(x): 0.8267 D(G(z)): 0.0080 / 0.0015
[0/25][63/1242] Loss_D: 1.6094 Loss_G: 14.7987 D(x): 0.8953 D(G(z)): 0.6340 / 0.0000
[0/25][64/1242] Loss_D: 2.1180 Loss_G: 8.5126 D(x): 0.3135 D(G(z)): 0.0013 / 0.0007
[0/25][65/1242] Loss_D: 0.6423 Loss_G: 6.8170 D(x): 0.7931 D(G(z)): 0.2279 / 0.0036
[0/25][66/1242] Loss_D: 0.6797 Loss_G: 11.2118 D(x): 0.9046 D(G(z)): 0.3439 / 0.0001
[0/25][67/1242] Loss_D: 0.9666 Loss_G: 5.3334 D(x): 0.5302 D(G(z)): 0.0302 / 0.0254
[0/25][68/1242] Loss_D: 0.6658 Loss_G: 7.8111 D(x): 0.8777 D(G(z)): 0.3178 / 0.0008
[0/25][69/1242] Loss_D: 0.5209 Loss_G: 6.0522 D(x): 0.7597 D(G(z)): 0.1102 / 0.0036
[0/25][70/1242] Loss_D: 0.5147 Loss_G: 7.7605 D(x): 0.8781 D(G(z)): 0.2775 / 0.0012
[0/25][71/1242] Loss_D: 0.5852 Loss_G: 4.7397 D(x): 0.7044 D(G(z)): 0.0406 / 0.0215
[0/25][72/1242] Loss_D: 0.9246 Loss_G: 8.0313 D(x): 0.8551 D(G(z)): 0.4742 / 0.0006
[0/25][73/1242] Loss_D: 0.4954 Loss_G: 5.6001 D(x): 0.6881 D(G(z)): 0.0317 / 0.0082
[0/25][74/1242] Loss_D: 0.7007 Loss_G: 6.0371 D(x): 0.8503 D(G(z)): 0.3504 / 0.0045
[0/25][75/1242] Loss_D: 0.5815 Loss_G: 4.7137 D(x): 0.7520 D(G(z)): 0.1441 / 0.0130
[0/25][76/1242] Loss_D: 0.6100 Loss_G: 5.4719 D(x): 0.7956 D(G(z)): 0.2442 / 0.0060
[0/25][77/1242] Loss_D: 0.5779 Loss_G: 3.2738 D(x): 0.7243 D(G(z)): 0.0896 / 0.0501
[0/25][78/1242] Loss_D: 0.9912 Loss_G: 9.8298 D(x): 0.9204 D(G(z)): 0.5651 / 0.0001
[0/25][79/1242] Loss_D: 1.7570 Loss_G: 3.0229 D(x): 0.3183 D(G(z)): 0.0036 / 0.1155
[0/25][80/1242] Loss_D: 0.8569 Loss_G: 4.6485 D(x): 0.9210 D(G(z)): 0.4671 / 0.0198
[0/25][81/1242] Loss_D: 0.4933 Loss_G: 5.1141 D(x): 0.8081 D(G(z)): 0.1595 / 0.0100
[0/25][82/1242] Loss_D: 0.7709 Loss_G: 2.8467 D(x): 0.6149 D(G(z)): 0.1048 / 0.1232
[0/25][83/1242] Loss_D: 0.8934 Loss_G: 5.1670 D(x): 0.8744 D(G(z)): 0.4590 / 0.0115
[0/25][84/1242] Loss_D: 0.6844 Loss_G: 3.7471 D(x): 0.6596 D(G(z)): 0.0930 / 0.0410
[0/25][85/1242] Loss_D: 0.5366 Loss_G: 4.2411 D(x): 0.8683 D(G(z)): 0.2921 / 0.0207
[0/25][86/1242] Loss_D: 0.8345 Loss_G: 3.4134 D(x): 0.6554 D(G(z)): 0.1828 / 0.0469
[0/25][87/1242] Loss_D: 0.6257 Loss_G: 4.3691 D(x): 0.7919 D(G(z)): 0.2716 / 0.0216
[0/25][88/1242] Loss_D: 0.6507 Loss_G: 3.9753 D(x): 0.7315 D(G(z)): 0.1985 / 0.0331
[0/25][89/1242] Loss_D: 0.5219 Loss_G: 5.0956 D(x): 0.8858 D(G(z)): 0.2532 / 0.0097
[0/25][90/1242] Loss_D: 0.7650 Loss_G: 2.5633 D(x): 0.6170 D(G(z)): 0.0916 / 0.1035
[0/25][91/1242] Loss_D: 0.7373 Loss_G: 6.2727 D(x): 0.9065 D(G(z)): 0.4314 / 0.0039
[0/25][92/1242] Loss_D: 0.9835 Loss_G: 2.5858 D(x): 0.5273 D(G(z)): 0.0471 / 0.1291
[0/25][93/1242] Loss_D: 0.9793 Loss_G: 5.7169 D(x): 0.9242 D(G(z)): 0.5223 / 0.0050
[0/25][94/1242] Loss_D: 0.4569 Loss_G: 4.6722 D(x): 0.7274 D(G(z)): 0.0500 / 0.0133
[0/25][95/1242] Loss_D: 0.5875 Loss_G: 2.0974 D(x): 0.7054 D(G(z)): 0.1137 / 0.1582
[0/25][96/1242] Loss_D: 1.1852 Loss_G: 5.7919 D(x): 0.8911 D(G(z)): 0.6119 / 0.0056
[0/25][97/1242] Loss_D: 1.1276 Loss_G: 2.7914 D(x): 0.4569 D(G(z)): 0.0605 / 0.0793
[0/25][98/1242] Loss_D: 1.0202 Loss_G: 2.9870 D(x): 0.7406 D(G(z)): 0.4134 / 0.0616
[0/25][99/1242] Loss_D: 0.6529 Loss_G: 4.7985 D(x): 0.8010 D(G(z)): 0.2979 / 0.0124
Traceback (most recent call last):
  File "dcgan.py", line 210, in <module>
    for i, data in enumerate(dataloader, 0):
  File "/home/s1832582/miniconda3/envs/mlp/lib/python3.7/site-packages/torch/utils/data/dataloader.py", line 623, in __next__
    return self._process_next_batch(batch)
  File "/home/s1832582/miniconda3/envs/mlp/lib/python3.7/site-packages/torch/utils/data/dataloader.py", line 658, in _process_next_batch
    raise batch.exc_type(batch.exc_msg)
OSError: Traceback (most recent call last):
  File "/home/s1832582/miniconda3/envs/mlp/lib/python3.7/site-packages/torch/utils/data/dataloader.py", line 138, in _worker_loop
    samples = collate_fn([dataset[i] for i in batch_indices])
  File "/home/s1832582/miniconda3/envs/mlp/lib/python3.7/site-packages/torch/utils/data/dataloader.py", line 138, in <listcomp>
    samples = collate_fn([dataset[i] for i in batch_indices])
  File "/home/s1832582/miniconda3/envs/mlp/lib/python3.7/site-packages/torchvision/datasets/folder.py", line 101, in __getitem__
    sample = self.loader(path)
  File "/home/s1832582/miniconda3/envs/mlp/lib/python3.7/site-packages/torchvision/datasets/folder.py", line 147, in default_loader
    return pil_loader(path)
  File "/home/s1832582/miniconda3/envs/mlp/lib/python3.7/site-packages/torchvision/datasets/folder.py", line 130, in pil_loader
    return img.convert('RGB')
  File "/home/s1832582/miniconda3/envs/mlp/lib/python3.7/site-packages/PIL/Image.py", line 915, in convert
    self.load()
  File "/home/s1832582/miniconda3/envs/mlp/lib/python3.7/site-packages/PIL/ImageFile.py", line 238, in load
    len(b))
OSError: image file is truncated (0 bytes not processed)

